05-14 18:39:20.959 +08:00: Error: Cannot find module 'debug'
05-14 18:39:20.960 +08:00:     at Function.Module._resolveFilename (internal/modules/cjs/loader.js:668:15)
05-14 18:39:20.960 +08:00:     at Function.Module._load (internal/modules/cjs/loader.js:591:27)
05-14 18:39:20.960 +08:00:     at Module.require (internal/modules/cjs/loader.js:723:19)
05-14 18:39:20.960 +08:00:     at require (internal/modules/cjs/helpers.js:14:16)
05-14 18:39:20.960 +08:00:     at Object.<anonymous> (/Users/mac/Desktop/attendance-record-system/service/bin/www:8:13)
05-14 18:39:20.960 +08:00:     at Module._compile (internal/modules/cjs/loader.js:816:30)
05-14 18:39:20.960 +08:00:     at Object.Module._extensions..js (internal/modules/cjs/loader.js:827:10)
05-14 18:39:20.960 +08:00:     at Module.load (internal/modules/cjs/loader.js:685:32)
05-14 18:39:20.960 +08:00:     at Function.Module._load (internal/modules/cjs/loader.js:620:12)
05-14 18:39:20.960 +08:00:     at Object.<anonymous> (/usr/local/lib/node_modules/pm2/lib/ProcessContainerFork.js:48:21)
05-14 18:39:21.197 +08:00: Error: Cannot find module 'debug'
05-14 18:39:21.197 +08:00:     at Function.Module._resolveFilename (internal/modules/cjs/loader.js:668:15)
05-14 18:39:21.197 +08:00:     at Function.Module._load (internal/modules/cjs/loader.js:591:27)
05-14 18:39:21.197 +08:00:     at Module.require (internal/modules/cjs/loader.js:723:19)
05-14 18:39:21.197 +08:00:     at require (internal/modules/cjs/helpers.js:14:16)
05-14 18:39:21.197 +08:00:     at Object.<anonymous> (/Users/mac/Desktop/attendance-record-system/service/bin/www:8:13)
05-14 18:39:21.197 +08:00:     at Module._compile (internal/modules/cjs/loader.js:816:30)
05-14 18:39:21.197 +08:00:     at Object.Module._extensions..js (internal/modules/cjs/loader.js:827:10)
05-14 18:39:21.197 +08:00:     at Module.load (internal/modules/cjs/loader.js:685:32)
05-14 18:39:21.197 +08:00:     at Function.Module._load (internal/modules/cjs/loader.js:620:12)
05-14 18:39:21.197 +08:00:     at Object.<anonymous> (/usr/local/lib/node_modules/pm2/lib/ProcessContainerFork.js:48:21)
05-14 18:39:21.419 +08:00: Error: Cannot find module 'debug'
05-14 18:39:21.419 +08:00:     at Function.Module._resolveFilename (internal/modules/cjs/loader.js:668:15)
05-14 18:39:21.419 +08:00:     at Function.Module._load (internal/modules/cjs/loader.js:591:27)
05-14 18:39:21.419 +08:00:     at Module.require (internal/modules/cjs/loader.js:723:19)
05-14 18:39:21.419 +08:00:     at require (internal/modules/cjs/helpers.js:14:16)
05-14 18:39:21.419 +08:00:     at Object.<anonymous> (/Users/mac/Desktop/attendance-record-system/service/bin/www:8:13)
05-14 18:39:21.419 +08:00:     at Module._compile (internal/modules/cjs/loader.js:816:30)
05-14 18:39:21.419 +08:00:     at Object.Module._extensions..js (internal/modules/cjs/loader.js:827:10)
05-14 18:39:21.419 +08:00:     at Module.load (internal/modules/cjs/loader.js:685:32)
05-14 18:39:21.419 +08:00:     at Function.Module._load (internal/modules/cjs/loader.js:620:12)
05-14 18:39:21.419 +08:00:     at Object.<anonymous> (/usr/local/lib/node_modules/pm2/lib/ProcessContainerFork.js:48:21)
05-14 18:39:21.636 +08:00: Error: Cannot find module 'debug'
05-14 18:39:21.636 +08:00:     at Function.Module._resolveFilename (internal/modules/cjs/loader.js:668:15)
05-14 18:39:21.636 +08:00:     at Function.Module._load (internal/modules/cjs/loader.js:591:27)
05-14 18:39:21.636 +08:00:     at Module.require (internal/modules/cjs/loader.js:723:19)
05-14 18:39:21.636 +08:00:     at require (internal/modules/cjs/helpers.js:14:16)
05-14 18:39:21.636 +08:00:     at Object.<anonymous> (/Users/mac/Desktop/attendance-record-system/service/bin/www:8:13)
05-14 18:39:21.636 +08:00:     at Module._compile (internal/modules/cjs/loader.js:816:30)
05-14 18:39:21.636 +08:00:     at Object.Module._extensions..js (internal/modules/cjs/loader.js:827:10)
05-14 18:39:21.636 +08:00:     at Module.load (internal/modules/cjs/loader.js:685:32)
05-14 18:39:21.636 +08:00:     at Function.Module._load (internal/modules/cjs/loader.js:620:12)
05-14 18:39:21.636 +08:00:     at Object.<anonymous> (/usr/local/lib/node_modules/pm2/lib/ProcessContainerFork.js:48:21)
05-14 18:39:21.855 +08:00: Error: Cannot find module 'debug'
05-14 18:39:21.855 +08:00:     at Function.Module._resolveFilename (internal/modules/cjs/loader.js:668:15)
05-14 18:39:21.855 +08:00:     at Function.Module._load (internal/modules/cjs/loader.js:591:27)
05-14 18:39:21.855 +08:00:     at Module.require (internal/modules/cjs/loader.js:723:19)
05-14 18:39:21.855 +08:00:     at require (internal/modules/cjs/helpers.js:14:16)
05-14 18:39:21.855 +08:00:     at Object.<anonymous> (/Users/mac/Desktop/attendance-record-system/service/bin/www:8:13)
05-14 18:39:21.855 +08:00:     at Module._compile (internal/modules/cjs/loader.js:816:30)
05-14 18:39:21.855 +08:00:     at Object.Module._extensions..js (internal/modules/cjs/loader.js:827:10)
05-14 18:39:21.855 +08:00:     at Module.load (internal/modules/cjs/loader.js:685:32)
05-14 18:39:21.855 +08:00:     at Function.Module._load (internal/modules/cjs/loader.js:620:12)
05-14 18:39:21.855 +08:00:     at Object.<anonymous> (/usr/local/lib/node_modules/pm2/lib/ProcessContainerFork.js:48:21)
05-14 18:39:22.084 +08:00: Error: Cannot find module 'debug'
05-14 18:39:22.084 +08:00:     at Function.Module._resolveFilename (internal/modules/cjs/loader.js:668:15)
05-14 18:39:22.084 +08:00:     at Function.Module._load (internal/modules/cjs/loader.js:591:27)
05-14 18:39:22.084 +08:00:     at Module.require (internal/modules/cjs/loader.js:723:19)
05-14 18:39:22.084 +08:00:     at require (internal/modules/cjs/helpers.js:14:16)
05-14 18:39:22.084 +08:00:     at Object.<anonymous> (/Users/mac/Desktop/attendance-record-system/service/bin/www:8:13)
05-14 18:39:22.084 +08:00:     at Module._compile (internal/modules/cjs/loader.js:816:30)
05-14 18:39:22.084 +08:00:     at Object.Module._extensions..js (internal/modules/cjs/loader.js:827:10)
05-14 18:39:22.084 +08:00:     at Module.load (internal/modules/cjs/loader.js:685:32)
05-14 18:39:22.084 +08:00:     at Function.Module._load (internal/modules/cjs/loader.js:620:12)
05-14 18:39:22.084 +08:00:     at Object.<anonymous> (/usr/local/lib/node_modules/pm2/lib/ProcessContainerFork.js:48:21)
05-14 18:39:22.310 +08:00: Error: Cannot find module 'debug'
05-14 18:39:22.310 +08:00:     at Function.Module._resolveFilename (internal/modules/cjs/loader.js:668:15)
05-14 18:39:22.310 +08:00:     at Function.Module._load (internal/modules/cjs/loader.js:591:27)
05-14 18:39:22.310 +08:00:     at Module.require (internal/modules/cjs/loader.js:723:19)
05-14 18:39:22.310 +08:00:     at require (internal/modules/cjs/helpers.js:14:16)
05-14 18:39:22.310 +08:00:     at Object.<anonymous> (/Users/mac/Desktop/attendance-record-system/service/bin/www:8:13)
05-14 18:39:22.310 +08:00:     at Module._compile (internal/modules/cjs/loader.js:816:30)
05-14 18:39:22.310 +08:00:     at Object.Module._extensions..js (internal/modules/cjs/loader.js:827:10)
05-14 18:39:22.310 +08:00:     at Module.load (internal/modules/cjs/loader.js:685:32)
05-14 18:39:22.310 +08:00:     at Function.Module._load (internal/modules/cjs/loader.js:620:12)
05-14 18:39:22.310 +08:00:     at Object.<anonymous> (/usr/local/lib/node_modules/pm2/lib/ProcessContainerFork.js:48:21)
05-14 18:39:22.528 +08:00: Error: Cannot find module 'debug'
05-14 18:39:22.528 +08:00:     at Function.Module._resolveFilename (internal/modules/cjs/loader.js:668:15)
05-14 18:39:22.528 +08:00:     at Function.Module._load (internal/modules/cjs/loader.js:591:27)
05-14 18:39:22.528 +08:00:     at Module.require (internal/modules/cjs/loader.js:723:19)
05-14 18:39:22.528 +08:00:     at require (internal/modules/cjs/helpers.js:14:16)
05-14 18:39:22.528 +08:00:     at Object.<anonymous> (/Users/mac/Desktop/attendance-record-system/service/bin/www:8:13)
05-14 18:39:22.528 +08:00:     at Module._compile (internal/modules/cjs/loader.js:816:30)
05-14 18:39:22.528 +08:00:     at Object.Module._extensions..js (internal/modules/cjs/loader.js:827:10)
05-14 18:39:22.528 +08:00:     at Module.load (internal/modules/cjs/loader.js:685:32)
05-14 18:39:22.528 +08:00:     at Function.Module._load (internal/modules/cjs/loader.js:620:12)
05-14 18:39:22.528 +08:00:     at Object.<anonymous> (/usr/local/lib/node_modules/pm2/lib/ProcessContainerFork.js:48:21)
05-14 18:39:22.758 +08:00: Error: Cannot find module 'debug'
05-14 18:39:22.758 +08:00:     at Function.Module._resolveFilename (internal/modules/cjs/loader.js:668:15)
05-14 18:39:22.758 +08:00:     at Function.Module._load (internal/modules/cjs/loader.js:591:27)
05-14 18:39:22.758 +08:00:     at Module.require (internal/modules/cjs/loader.js:723:19)
05-14 18:39:22.758 +08:00:     at require (internal/modules/cjs/helpers.js:14:16)
05-14 18:39:22.758 +08:00:     at Object.<anonymous> (/Users/mac/Desktop/attendance-record-system/service/bin/www:8:13)
05-14 18:39:22.758 +08:00:     at Module._compile (internal/modules/cjs/loader.js:816:30)
05-14 18:39:22.758 +08:00:     at Object.Module._extensions..js (internal/modules/cjs/loader.js:827:10)
05-14 18:39:22.758 +08:00:     at Module.load (internal/modules/cjs/loader.js:685:32)
05-14 18:39:22.758 +08:00:     at Function.Module._load (internal/modules/cjs/loader.js:620:12)
05-14 18:39:22.758 +08:00:     at Object.<anonymous> (/usr/local/lib/node_modules/pm2/lib/ProcessContainerFork.js:48:21)
05-14 18:39:22.983 +08:00: Error: Cannot find module 'debug'
05-14 18:39:22.983 +08:00:     at Function.Module._resolveFilename (internal/modules/cjs/loader.js:668:15)
05-14 18:39:22.983 +08:00:     at Function.Module._load (internal/modules/cjs/loader.js:591:27)
05-14 18:39:22.983 +08:00:     at Module.require (internal/modules/cjs/loader.js:723:19)
05-14 18:39:22.983 +08:00:     at require (internal/modules/cjs/helpers.js:14:16)
05-14 18:39:22.983 +08:00:     at Object.<anonymous> (/Users/mac/Desktop/attendance-record-system/service/bin/www:8:13)
05-14 18:39:22.983 +08:00:     at Module._compile (internal/modules/cjs/loader.js:816:30)
05-14 18:39:22.983 +08:00:     at Object.Module._extensions..js (internal/modules/cjs/loader.js:827:10)
05-14 18:39:22.983 +08:00:     at Module.load (internal/modules/cjs/loader.js:685:32)
05-14 18:39:22.983 +08:00:     at Function.Module._load (internal/modules/cjs/loader.js:620:12)
05-14 18:39:22.983 +08:00:     at Object.<anonymous> (/usr/local/lib/node_modules/pm2/lib/ProcessContainerFork.js:48:21)
05-14 18:39:23.213 +08:00: Error: Cannot find module 'debug'
05-14 18:39:23.213 +08:00:     at Function.Module._resolveFilename (internal/modules/cjs/loader.js:668:15)
05-14 18:39:23.214 +08:00:     at Function.Module._load (internal/modules/cjs/loader.js:591:27)
05-14 18:39:23.214 +08:00:     at Module.require (internal/modules/cjs/loader.js:723:19)
05-14 18:39:23.214 +08:00:     at require (internal/modules/cjs/helpers.js:14:16)
05-14 18:39:23.214 +08:00:     at Object.<anonymous> (/Users/mac/Desktop/attendance-record-system/service/bin/www:8:13)
05-14 18:39:23.214 +08:00:     at Module._compile (internal/modules/cjs/loader.js:816:30)
05-14 18:39:23.214 +08:00:     at Object.Module._extensions..js (internal/modules/cjs/loader.js:827:10)
05-14 18:39:23.214 +08:00:     at Module.load (internal/modules/cjs/loader.js:685:32)
05-14 18:39:23.214 +08:00:     at Function.Module._load (internal/modules/cjs/loader.js:620:12)
05-14 18:39:23.214 +08:00:     at Object.<anonymous> (/usr/local/lib/node_modules/pm2/lib/ProcessContainerFork.js:48:21)
05-14 18:39:23.452 +08:00: Error: Cannot find module 'debug'
05-14 18:39:23.452 +08:00:     at Function.Module._resolveFilename (internal/modules/cjs/loader.js:668:15)
05-14 18:39:23.452 +08:00:     at Function.Module._load (internal/modules/cjs/loader.js:591:27)
05-14 18:39:23.452 +08:00:     at Module.require (internal/modules/cjs/loader.js:723:19)
05-14 18:39:23.452 +08:00:     at require (internal/modules/cjs/helpers.js:14:16)
05-14 18:39:23.452 +08:00:     at Object.<anonymous> (/Users/mac/Desktop/attendance-record-system/service/bin/www:8:13)
05-14 18:39:23.452 +08:00:     at Module._compile (internal/modules/cjs/loader.js:816:30)
05-14 18:39:23.452 +08:00:     at Object.Module._extensions..js (internal/modules/cjs/loader.js:827:10)
05-14 18:39:23.452 +08:00:     at Module.load (internal/modules/cjs/loader.js:685:32)
05-14 18:39:23.452 +08:00:     at Function.Module._load (internal/modules/cjs/loader.js:620:12)
05-14 18:39:23.452 +08:00:     at Object.<anonymous> (/usr/local/lib/node_modules/pm2/lib/ProcessContainerFork.js:48:21)
05-14 18:39:23.690 +08:00: Error: Cannot find module 'debug'
05-14 18:39:23.691 +08:00:     at Function.Module._resolveFilename (internal/modules/cjs/loader.js:668:15)
05-14 18:39:23.691 +08:00:     at Function.Module._load (internal/modules/cjs/loader.js:591:27)
05-14 18:39:23.691 +08:00:     at Module.require (internal/modules/cjs/loader.js:723:19)
05-14 18:39:23.691 +08:00:     at require (internal/modules/cjs/helpers.js:14:16)
05-14 18:39:23.691 +08:00:     at Object.<anonymous> (/Users/mac/Desktop/attendance-record-system/service/bin/www:8:13)
05-14 18:39:23.691 +08:00:     at Module._compile (internal/modules/cjs/loader.js:816:30)
05-14 18:39:23.691 +08:00:     at Object.Module._extensions..js (internal/modules/cjs/loader.js:827:10)
05-14 18:39:23.691 +08:00:     at Module.load (internal/modules/cjs/loader.js:685:32)
05-14 18:39:23.691 +08:00:     at Function.Module._load (internal/modules/cjs/loader.js:620:12)
05-14 18:39:23.691 +08:00:     at Object.<anonymous> (/usr/local/lib/node_modules/pm2/lib/ProcessContainerFork.js:48:21)
05-14 18:39:23.951 +08:00: Error: Cannot find module 'debug'
05-14 18:39:23.951 +08:00:     at Function.Module._resolveFilename (internal/modules/cjs/loader.js:668:15)
05-14 18:39:23.951 +08:00:     at Function.Module._load (internal/modules/cjs/loader.js:591:27)
05-14 18:39:23.951 +08:00:     at Module.require (internal/modules/cjs/loader.js:723:19)
05-14 18:39:23.951 +08:00:     at require (internal/modules/cjs/helpers.js:14:16)
05-14 18:39:23.951 +08:00:     at Object.<anonymous> (/Users/mac/Desktop/attendance-record-system/service/bin/www:8:13)
05-14 18:39:23.951 +08:00:     at Module._compile (internal/modules/cjs/loader.js:816:30)
05-14 18:39:23.951 +08:00:     at Object.Module._extensions..js (internal/modules/cjs/loader.js:827:10)
05-14 18:39:23.951 +08:00:     at Module.load (internal/modules/cjs/loader.js:685:32)
05-14 18:39:23.951 +08:00:     at Function.Module._load (internal/modules/cjs/loader.js:620:12)
05-14 18:39:23.951 +08:00:     at Object.<anonymous> (/usr/local/lib/node_modules/pm2/lib/ProcessContainerFork.js:48:21)
05-14 18:39:24.212 +08:00: Error: Cannot find module 'debug'
05-14 18:39:24.213 +08:00:     at Function.Module._resolveFilename (internal/modules/cjs/loader.js:668:15)
05-14 18:39:24.213 +08:00:     at Function.Module._load (internal/modules/cjs/loader.js:591:27)
05-14 18:39:24.213 +08:00:     at Module.require (internal/modules/cjs/loader.js:723:19)
05-14 18:39:24.213 +08:00:     at require (internal/modules/cjs/helpers.js:14:16)
05-14 18:39:24.213 +08:00:     at Object.<anonymous> (/Users/mac/Desktop/attendance-record-system/service/bin/www:8:13)
05-14 18:39:24.213 +08:00:     at Module._compile (internal/modules/cjs/loader.js:816:30)
05-14 18:39:24.213 +08:00:     at Object.Module._extensions..js (internal/modules/cjs/loader.js:827:10)
05-14 18:39:24.213 +08:00:     at Module.load (internal/modules/cjs/loader.js:685:32)
05-14 18:39:24.213 +08:00:     at Function.Module._load (internal/modules/cjs/loader.js:620:12)
05-14 18:39:24.213 +08:00:     at Object.<anonymous> (/usr/local/lib/node_modules/pm2/lib/ProcessContainerFork.js:48:21)
05-14 18:39:24.595 +08:00: Error: Cannot find module 'debug'
05-14 18:39:24.595 +08:00:     at Function.Module._resolveFilename (internal/modules/cjs/loader.js:668:15)
05-14 18:39:24.595 +08:00:     at Function.Module._load (internal/modules/cjs/loader.js:591:27)
05-14 18:39:24.595 +08:00:     at Module.require (internal/modules/cjs/loader.js:723:19)
05-14 18:39:24.595 +08:00:     at require (internal/modules/cjs/helpers.js:14:16)
05-14 18:39:24.595 +08:00:     at Object.<anonymous> (/Users/mac/Desktop/attendance-record-system/service/bin/www:8:13)
05-14 18:39:24.595 +08:00:     at Module._compile (internal/modules/cjs/loader.js:816:30)
05-14 18:39:24.595 +08:00:     at Object.Module._extensions..js (internal/modules/cjs/loader.js:827:10)
05-14 18:39:24.595 +08:00:     at Module.load (internal/modules/cjs/loader.js:685:32)
05-14 18:39:24.595 +08:00:     at Function.Module._load (internal/modules/cjs/loader.js:620:12)
05-14 18:39:24.595 +08:00:     at Object.<anonymous> (/usr/local/lib/node_modules/pm2/lib/ProcessContainerFork.js:48:21)
